<?xml version="1.0" encoding="UTF-8"?>
<coverage generated="1751266871929" clover="3.2.0">
  <project timestamp="1751266871930" name="All files">
    <metrics statements="17" coveredstatements="17" conditionals="18" coveredconditionals="18" methods="6" coveredmethods="6" elements="41" coveredelements="41" complexity="0" loc="17" ncloc="17" packages="1" files="1" classes="1"/>
    <file name="functions.js" path="C:\Users\justp\OneDrive\Desktop\js-unit-testing-assignment\js-unit-testing-assignment\functions.js">
      <metrics statements="17" coveredstatements="17" conditionals="18" coveredconditionals="18" methods="6" coveredmethods="6"/>
      <line num="4" count="3" type="cond" truecount="5" falsecount="0"/>
      <line num="5" count="2" type="stmt"/>
      <line num="7" count="1" type="stmt"/>
      <line num="11" count="2" type="cond" truecount="4" falsecount="0"/>
      <line num="12" count="1" type="stmt"/>
      <line num="14" count="1" type="stmt"/>
      <line num="15" count="3" type="stmt"/>
      <line num="20" count="3" type="cond" truecount="5" falsecount="0"/>
      <line num="21" count="1" type="stmt"/>
      <line num="23" count="2" type="stmt"/>
      <line num="24" count="7" type="cond" truecount="2" falsecount="0"/>
      <line num="25" count="4" type="stmt"/>
      <line num="30" count="3" type="cond" truecount="2" falsecount="0"/>
      <line num="31" count="1" type="stmt"/>
      <line num="33" count="2" type="stmt"/>
      <line num="34" count="2" type="stmt"/>
      <line num="37" count="1" type="stmt"/>
    </file>
  </project>
</coverage>
