TN:
SF:functions.js
FN:3,calculateDiscount
FN:10,filterProducts
FN:14,(anonymous_2)
FN:19,sortProducts
FN:23,(anonymous_4)
FN:29,validateEmail
FNF:6
FNH:6
FNDA:3,calculateDiscount
FNDA:2,filterProducts
FNDA:3,(anonymous_2)
FNDA:3,sortProducts
FNDA:7,(anonymous_4)
FNDA:3,validateEmail
DA:4,3
DA:5,2
DA:7,1
DA:11,2
DA:12,1
DA:14,1
DA:15,3
DA:20,3
DA:21,1
DA:23,2
DA:24,7
DA:25,4
DA:30,3
DA:31,1
DA:33,2
DA:34,2
DA:37,1
LF:17
LH:17
BRDA:4,0,0,2
BRDA:4,0,1,1
BRDA:4,1,0,3
BRDA:4,1,1,2
BRDA:4,1,2,2
BRDA:11,2,0,1
BRDA:11,2,1,1
BRDA:11,3,0,2
BRDA:11,3,1,1
BRDA:20,4,0,1
BRDA:20,4,1,2
BRDA:20,5,0,3
BRDA:20,5,1,3
BRDA:20,5,2,2
BRDA:24,6,0,3
BRDA:24,6,1,4
BRDA:30,7,0,1
BRDA:30,7,1,2
BRF:18
BRH:18
end_of_record
